<?xml version="1.0" encoding="UTF-8"?>
<!-- Generated by org.testng.reporters.JUnitXMLReporter -->
<testsuite ignored="0" hostname="DESKTOP-LP3CKGT" failures="1" tests="2" name="Default test(failed)" time="0.04" errors="0" timestamp="2020-05-19T10:22:18 EDT">
  <testcase classname="TestNG.a3TesNGFeatuers" name="loginTest" time="0.007">
    <failure type="java.lang.ArithmeticException" message="/ by zero">
      <![CDATA[java.lang.ArithmeticException: / by zero
at TestNG.a3TesNGFeatuers.loginTest(a3TesNGFeatuers.java:13)
at java.base/java.util.ArrayList.forEach(ArrayList.java:1507)
... Removed 27 stack frames]]>
    </failure>
  </testcase> <!-- loginTest -->
  <testcase classname="TestNG.a3TesNGFeatuers" name="homePageTest" time="0.0">
    <skipped/>
  </testcase> <!-- homePageTest -->
</testsuite> <!-- Default test(failed) -->
