<?xml version="1.0" encoding="UTF-8"?>
<!-- Generated by org.testng.reporters.JUnitXMLReporter -->
<testsuite ignored="0" hostname="DESKTOP-LP3CKGT" failures="1" tests="5" name="Default test(failed)(failed)" time="41.168" errors="0" timestamp="2020-05-19T02:08:45 EDT">
  <testcase classname="TestNG.a2GoogleTest" name="search" time="5.125"/>
  <testcase classname="TestNG.a2GoogleTest" name="linkList" time="0.035">
    <failure type="java.lang.IndexOutOfBoundsException" message="Index 19 out of bounds for length 19">
      <![CDATA[java.lang.IndexOutOfBoundsException: Index 19 out of bounds for length 19
at java.base/jdk.internal.util.Preconditions.outOfBounds(Preconditions.java:64)
at java.base/jdk.internal.util.Preconditions.outOfBoundsCheckIndex(Preconditions.java:70)
at java.base/jdk.internal.util.Preconditions.checkIndex(Preconditions.java:248)
at java.base/java.util.Objects.checkIndex(Objects.java:373)
at java.base/java.util.ArrayList.get(ArrayList.java:425)
at TestNG.a2GoogleTest.linkList(a2GoogleTest.java:58)
at java.base/java.util.ArrayList.forEach(ArrayList.java:1507)
... Removed 27 stack frames]]>
    </failure>
  </testcase> <!-- linkList -->
  <testcase classname="TestNG.a2GoogleTest" name="googleLogoTest" time="0.085"/>
  <testcase classname="TestNG.a2GoogleTest" name="gmail" time="0.066"/>
  <testcase classname="TestNG.a2GoogleTest" name="googleTitileTest" time="0.012"/>
</testsuite> <!-- Default test(failed)(failed) -->
